<?xml version="1.0" encoding="UTF-8"?>
<!-- Generated by org.testng.reporters.JUnitReportReporter -->
<testsuite hostname="LAPTOP-BO04174L" name="tests.TestMultiForm_Cucumber_Runner" tests="2" failures="0" timestamp="15 Apr 2021 15:04:46 GMT" time="28.273" errors="0">
  <testcase name="runScenario" time="14.664" classname="tests.TestMultiForm_Cucumber_Runner"/>
  <testcase name="runScenario" time="13.609" classname="tests.TestMultiForm_Cucumber_Runner"/>
</testsuite> <!-- tests.TestMultiForm_Cucumber_Runner -->
