<?xml version="1.0" encoding="UTF-8"?>
<!-- Generated by org.testng.reporters.JUnitReportReporter -->
<testsuite hostname="LAPTOP-BO04174L" name="tests.TestSearchFilter" tests="12" failures="0" timestamp="15 Apr 2021 14:52:13 GMT" time="109.870" errors="0">
  <testcase name="TestSearchByPayee" time="10.730" classname="tests.TestSearchFilter"/>
  <testcase name="TestSearchByPayee" time="7.976" classname="tests.TestSearchFilter"/>
  <testcase name="TestSearchByAccountAndExpenditurePayee" time="8.768" classname="tests.TestSearchFilter"/>
  <testcase name="TestSearchByPayee" time="7.849" classname="tests.TestSearchFilter"/>
  <testcase name="TestSearchByAccountAndExpenditurePayee" time="8.546" classname="tests.TestSearchFilter"/>
  <testcase name="TestSearchByAccountAndExpenditurePayee" time="8.432" classname="tests.TestSearchFilter"/>
  <testcase name="TestSearchByPayee" time="9.396" classname="tests.TestSearchFilter"/>
  <testcase name="TestSearchByAccountAndExpenditurePayee" time="10.389" classname="tests.TestSearchFilter"/>
  <testcase name="TestSearchByPayee" time="9.272" classname="tests.TestSearchFilter"/>
  <testcase name="TestSearchByAccountAndExpenditurePayee" time="10.547" classname="tests.TestSearchFilter"/>
  <testcase name="TestSearchByAccountAndExpenditurePayee" time="9.476" classname="tests.TestSearchFilter"/>
  <testcase name="TestSearchByPayee" time="8.489" classname="tests.TestSearchFilter"/>
</testsuite> <!-- tests.TestSearchFilter -->
