<?xml version="1.0" encoding="UTF-8"?>
<!-- Generated by org.testng.reporters.JUnitReportReporter -->
<testsuite hostname="LAPTOP-BO04174L" name="tests.TestMultiForm_Cucumber_Runner" tests="1" failures="0" timestamp="15 Apr 2021 12:32:31 GMT" time="16.382" errors="0">
  <testcase name="runScenario" time="16.382" classname="tests.TestMultiForm_Cucumber_Runner"/>
</testsuite> <!-- tests.TestMultiForm_Cucumber_Runner -->
