<?xml version="1.0" encoding="UTF-8"?>
<!-- Generated by org.testng.reporters.JUnitReportReporter -->
<testsuite hostname="Piotrek-HP" name="tests.TestWebTable" tests="36" failures="0" timestamp="27 Dec 2016 18:52:12 GMT" time="392.805" errors="0">
  <testcase name="testSearchByFirstName" time="12.618" classname="tests.TestWebTable"/>
  <testcase name="testSearchByLastName" time="11.031" classname="tests.TestWebTable"/>
  <testcase name="testSearchByFirstName" time="9.086" classname="tests.TestWebTable"/>
  <testcase name="testSearchByLastName" time="9.819" classname="tests.TestWebTable"/>
  <testcase name="testSearchByLastName" time="12.002" classname="tests.TestWebTable"/>
  <testcase name="testSearchByLastName" time="9.367" classname="tests.TestWebTable"/>
  <testcase name="testSearchByFirstName" time="9.532" classname="tests.TestWebTable"/>
  <testcase name="testSearchByLastName" time="8.162" classname="tests.TestWebTable"/>
  <testcase name="testSearchByLastName" time="9.272" classname="tests.TestWebTable"/>
  <testcase name="testSearchByFirstName" time="12.817" classname="tests.TestWebTable"/>
  <testcase name="testSearchByFirstName" time="11.094" classname="tests.TestWebTable"/>
  <testcase name="testSearchByLastName" time="12.754" classname="tests.TestWebTable"/>
  <testcase name="testSearchByLastName" time="10.033" classname="tests.TestWebTable"/>
  <testcase name="testSearchByLastName" time="12.899" classname="tests.TestWebTable"/>
  <testcase name="testSearchByFirstName" time="9.300" classname="tests.TestWebTable"/>
  <testcase name="testSearchByFirstName" time="9.374" classname="tests.TestWebTable"/>
  <testcase name="testSearchByFirstName" time="12.937" classname="tests.TestWebTable"/>
  <testcase name="testSearchByLastName" time="14.284" classname="tests.TestWebTable"/>
  <testcase name="testSearchByFirstName" time="9.250" classname="tests.TestWebTable"/>
  <testcase name="testSearchByLastName" time="12.906" classname="tests.TestWebTable"/>
  <testcase name="testSearchByFirstName" time="13.226" classname="tests.TestWebTable"/>
  <testcase name="testSearchByLastName" time="12.840" classname="tests.TestWebTable"/>
  <testcase name="testSearchByFirstName" time="9.128" classname="tests.TestWebTable"/>
  <testcase name="testSearchByLastName" time="8.566" classname="tests.TestWebTable"/>
  <testcase name="testSearchByLastName" time="8.829" classname="tests.TestWebTable"/>
  <testcase name="testSearchByLastName" time="13.783" classname="tests.TestWebTable"/>
  <testcase name="testSearchByFirstName" time="8.547" classname="tests.TestWebTable"/>
  <testcase name="testSearchByLastName" time="9.363" classname="tests.TestWebTable"/>
  <testcase name="testSearchByLastName" time="10.315" classname="tests.TestWebTable"/>
  <testcase name="testSearchByFirstName" time="11.028" classname="tests.TestWebTable"/>
  <testcase name="testSearchByFirstName" time="9.902" classname="tests.TestWebTable"/>
  <testcase name="testSearchByFirstName" time="13.489" classname="tests.TestWebTable"/>
  <testcase name="testSearchByFirstName" time="9.050" classname="tests.TestWebTable"/>
  <testcase name="testSearchByFirstName" time="8.832" classname="tests.TestWebTable"/>
  <testcase name="testSearchByLastName" time="13.029" classname="tests.TestWebTable"/>
  <testcase name="testSearchByFirstName" time="14.341" classname="tests.TestWebTable"/>
</testsuite> <!-- tests.TestWebTable -->
