<?xml version="1.0" encoding="UTF-8"?>
<!-- Generated by org.testng.reporters.JUnitReportReporter -->
<testsuite hostname="LAPTOP-BO04174L" name="tests.TestSearchFilter_TestNg" tests="2" failures="0" timestamp="15 Apr 2021 15:03:54 GMT" time="19.284" errors="0">
  <testcase name="TestSearchByPayee" time="7.965" classname="tests.TestSearchFilter_TestNg"/>
  <testcase name="TestSearchByAccountAndExpenditurePayee" time="11.319" classname="tests.TestSearchFilter_TestNg"/>
</testsuite> <!-- tests.TestSearchFilter_TestNg -->
