<?xml version="1.0" encoding="UTF-8"?>
<!-- Generated by org.testng.reporters.JUnitReportReporter -->
<testsuite hostname="Piotrek-HP" name="tests.TestUploadImage" tests="18" failures="0" timestamp="7 Jan 2017 20:00:02 GMT" time="158.712" errors="0">
  <testcase name="testUploadImage" time="10.971" classname="tests.TestUploadImage"/>
  <testcase name="testUploadImage" time="6.404" classname="tests.TestUploadImage"/>
  <testcase name="testUploadImage" time="6.920" classname="tests.TestUploadImage"/>
  <testcase name="testUploadImage" time="12.661" classname="tests.TestUploadImage"/>
  <testcase name="testUploadImage" time="6.980" classname="tests.TestUploadImage"/>
  <testcase name="testUploadImage" time="7.080" classname="tests.TestUploadImage"/>
  <testcase name="testUploadImage" time="9.660" classname="tests.TestUploadImage"/>
  <testcase name="testUploadImage" time="7.337" classname="tests.TestUploadImage"/>
  <testcase name="testUploadImage" time="12.457" classname="tests.TestUploadImage"/>
  <testcase name="testUploadImage" time="11.162" classname="tests.TestUploadImage"/>
  <testcase name="testUploadImage" time="7.152" classname="tests.TestUploadImage"/>
  <testcase name="testUploadImage" time="11.988" classname="tests.TestUploadImage"/>
  <testcase name="testUploadImage" time="7.089" classname="tests.TestUploadImage"/>
  <testcase name="testUploadImage" time="10.961" classname="tests.TestUploadImage"/>
  <testcase name="testUploadImage" time="6.598" classname="tests.TestUploadImage"/>
  <testcase name="testUploadImage" time="6.541" classname="tests.TestUploadImage"/>
  <testcase name="testUploadImage" time="9.607" classname="tests.TestUploadImage"/>
  <testcase name="testUploadImage" time="7.144" classname="tests.TestUploadImage"/>
</testsuite> <!-- tests.TestUploadImage -->
